mode: set
github.com/adalgisoabercio19/submission_student_routes/main.go:22.19,33.2 7 1
github.com/adalgisoabercio19/submission_student_routes/main.go:36.40,38.2 1 1
github.com/adalgisoabercio19/submission_student_routes/main.go:41.39,44.35 2 1
github.com/adalgisoabercio19/submission_student_routes/main.go:44.35,45.23 1 1
github.com/adalgisoabercio19/submission_student_routes/main.go:45.23,47.4 1 0
github.com/adalgisoabercio19/submission_student_routes/main.go:49.2,49.51 1 1
github.com/adalgisoabercio19/submission_student_routes/main.go:53.42,55.40 2 1
github.com/adalgisoabercio19/submission_student_routes/main.go:55.40,57.3 1 0
github.com/adalgisoabercio19/submission_student_routes/main.go:58.2,60.44 3 1
github.com/adalgisoabercio19/submission_student_routes/main.go:64.42,66.26 2 1
github.com/adalgisoabercio19/submission_student_routes/main.go:66.26,67.27 1 1
github.com/adalgisoabercio19/submission_student_routes/main.go:67.27,69.42 2 0
github.com/adalgisoabercio19/submission_student_routes/main.go:69.42,71.5 1 0
github.com/adalgisoabercio19/submission_student_routes/main.go:72.4,75.41 4 0
github.com/adalgisoabercio19/submission_student_routes/main.go:78.2,78.51 1 1
github.com/adalgisoabercio19/submission_student_routes/main.go:82.42,84.26 2 1
github.com/adalgisoabercio19/submission_student_routes/main.go:84.26,85.27 1 1
github.com/adalgisoabercio19/submission_student_routes/main.go:85.27,88.4 2 0
github.com/adalgisoabercio19/submission_student_routes/main.go:90.2,90.58 1 1
